2024-08-13T05:18:17.368Z  INFO 28205 --- [Lavalink] [main] lavalink.server.Launcher                 : Starting Launcher v4.0.7 using Java 21.0.4 with PID 28205 (/root/AkariBot/Lavalink.jar started by root in /root/AkariBot)
2024-08-13T05:18:17.387Z  INFO 28205 --- [Lavalink] [main] lavalink.server.Launcher                 : No active profile set, falling back to 1 default profile: "default"
2024-08-13T05:18:19.734Z  INFO 28205 --- [Lavalink] [main] l.server.bootstrap.PluginManager         : Found plugin 'youtube-plugin' version 1.5.1
2024-08-13T05:18:19.765Z  INFO 28205 --- [Lavalink] [main] l.server.bootstrap.PluginManager         : Loaded youtube-plugin-1.5.1.jar (10 classes)
2024-08-13T05:18:20.072Z  INFO 28205 --- [Lavalink] [main] lavalink.server.Launcher                 : Started Launcher in 4.302 seconds (process running for 5.572)
2024-08-13T05:18:20.227Z  INFO 28205 --- [Lavalink] [main] lavalink.server.Launcher                 : 

[32m       .  [31m _                  _ _       _    [32m__ _ _
[32m      /\\ [31m| | __ ___   ____ _| (_)_ __ | | __[32m\ \ \ \
[32m     ( ( )[31m| |/ _` \ \ / / _` | | | '_ \| |/ /[32m \ \ \ \
[32m      \\/ [31m| | (_| |\ V / (_| | | | | | |   < [32m  ) ) ) )
[32m       '  [31m|_|\__,_| \_/ \__,_|_|_|_| |_|_|\_\[32m / / / /
[0m    =========================================[32m/_/_/_/[0m

	Version:        4.0.7
	Build time:     08.07.2024 22:14:17 UTC
	Branch          HEAD
	Commit:         93102f8
	Commit time:    08.07.2024 21:49:02 UTC
	JVM:            21.0.4
	Lavaplayer      2.2.1

2024-08-13T05:18:20.246Z  INFO 28205 --- [Lavalink] [main] lavalink.server.Launcher                 : No active profile set, falling back to 1 default profile: "default"
2024-08-13T05:18:21.684Z  WARN 28205 --- [Lavalink] [main] io.undertow.websockets.jsr               : UT026010: Buffer pool was not set on WebSocketDeploymentInfo, the default pool will be used
2024-08-13T05:18:21.745Z  INFO 28205 --- [Lavalink] [main] io.undertow.servlet                      : Initializing Spring embedded WebApplicationContext
2024-08-13T05:18:21.745Z  INFO 28205 --- [Lavalink] [main] w.s.c.ServletWebServerApplicationContext : Root WebApplicationContext: initialization completed in 1490 ms
2024-08-13T05:18:22.026Z  INFO 28205 --- [Lavalink] [main] c.s.d.l.tools.GarbageCollectionMonitor   : GC monitoring enabled, reporting results every 2 minutes.
2024-08-13T05:18:23.311Z  WARN 28205 --- [Lavalink] [main] dev.lavalink.youtube.clients.Android     : ANDROID is broken with no known fix. It is no longer advised to use this client.
2024-08-13T05:18:23.401Z  INFO 28205 --- [Lavalink] [main] d.l.youtube.plugin.YoutubePluginLoader   : YouTube source initialised with clients: WEB_REMIX, ANDROID, WEB 
2024-08-13T05:18:23.691Z  INFO 28205 --- [Lavalink] [main] l.server.config.KoeConfiguration         : OS: LINUX, Arch: X86_64
2024-08-13T05:18:23.692Z  INFO 28205 --- [Lavalink] [main] l.server.config.KoeConfiguration         : Enabling JDA-NAS
2024-08-13T05:18:23.700Z  INFO 28205 --- [Lavalink] [main] c.s.l.c.natives.NativeLibraryLoader      : Native library udpqueue: loading with filter null
2024-08-13T05:18:23.710Z  INFO 28205 --- [Lavalink] [main] c.s.l.c.natives.NativeLibraryLoader      : Native library udpqueue: successfully loaded.
2024-08-13T05:18:23.823Z  WARN 28205 --- [Lavalink] [main] l.server.config.SentryConfiguration      : Turning off sentry
2024-08-13T05:18:24.451Z  INFO 28205 --- [Lavalink] [main] io.undertow                              : starting server: Undertow - 2.3.13.Final
2024-08-13T05:18:24.476Z  INFO 28205 --- [Lavalink] [main] org.xnio                                 : XNIO version 3.8.8.Final
2024-08-13T05:18:24.503Z  INFO 28205 --- [Lavalink] [main] org.xnio.nio                             : XNIO NIO Implementation Version 3.8.8.Final
2024-08-13T05:18:24.754Z  INFO 28205 --- [Lavalink] [main] org.jboss.threads                        : JBoss Threads version 3.5.0.Final
2024-08-13T05:18:24.888Z  INFO 28205 --- [Lavalink] [main] o.s.b.w.e.undertow.UndertowWebServer     : Undertow started on port 2334 (http) with context path '/'
2024-08-13T05:18:24.900Z  INFO 28205 --- [Lavalink] [main] lavalink.server.Launcher                 : Started Launcher in 4.814 seconds (process running for 10.401)
2024-08-13T05:18:24.902Z  INFO 28205 --- [Lavalink] [main] lavalink.server.Launcher                 : Lavalink is ready to accept connections.
2024-08-13T05:19:58.218Z  INFO 28205 --- [Lavalink] [SpringApplicationShutdownHook] io.undertow                              : stopping server: Undertow - 2.3.13.Final
2024-08-13T05:19:58.257Z  INFO 28205 --- [Lavalink] [SpringApplicationShutdownHook] c.s.d.l.tools.GarbageCollectionMonitor   : GC monitoring disabled.
2024-08-13T05:20:01.345Z  INFO 28495 --- [Lavalink] [main] lavalink.server.Launcher                 : Starting Launcher v4.0.7 using Java 21.0.4 with PID 28495 (/root/AkariBot/Lavalink.jar started by root in /root/AkariBot)
2024-08-13T05:20:01.359Z  INFO 28495 --- [Lavalink] [main] lavalink.server.Launcher                 : No active profile set, falling back to 1 default profile: "default"
2024-08-13T05:20:03.726Z  INFO 28495 --- [Lavalink] [main] l.server.bootstrap.PluginManager         : Found plugin 'youtube-plugin' version 1.5.1
2024-08-13T05:20:03.779Z  INFO 28495 --- [Lavalink] [main] l.server.bootstrap.PluginManager         : Loaded youtube-plugin-1.5.1.jar (10 classes)
2024-08-13T05:20:04.091Z  INFO 28495 --- [Lavalink] [main] lavalink.server.Launcher                 : Started Launcher in 4.038 seconds (process running for 5.363)
2024-08-13T05:20:04.241Z  INFO 28495 --- [Lavalink] [main] lavalink.server.Launcher                 : 

[32m       .  [31m _                  _ _       _    [32m__ _ _
[32m      /\\ [31m| | __ ___   ____ _| (_)_ __ | | __[32m\ \ \ \
[32m     ( ( )[31m| |/ _` \ \ / / _` | | | '_ \| |/ /[32m \ \ \ \
[32m      \\/ [31m| | (_| |\ V / (_| | | | | | |   < [32m  ) ) ) )
[32m       '  [31m|_|\__,_| \_/ \__,_|_|_|_| |_|_|\_\[32m / / / /
[0m    =========================================[32m/_/_/_/[0m

	Version:        4.0.7
	Build time:     08.07.2024 22:14:17 UTC
	Branch          HEAD
	Commit:         93102f8
	Commit time:    08.07.2024 21:49:02 UTC
	JVM:            21.0.4
	Lavaplayer      2.2.1

2024-08-13T05:20:04.260Z  INFO 28495 --- [Lavalink] [main] lavalink.server.Launcher                 : No active profile set, falling back to 1 default profile: "default"
2024-08-13T05:20:05.692Z  WARN 28495 --- [Lavalink] [main] io.undertow.websockets.jsr               : UT026010: Buffer pool was not set on WebSocketDeploymentInfo, the default pool will be used
2024-08-13T05:20:05.754Z  INFO 28495 --- [Lavalink] [main] io.undertow.servlet                      : Initializing Spring embedded WebApplicationContext
2024-08-13T05:20:05.755Z  INFO 28495 --- [Lavalink] [main] w.s.c.ServletWebServerApplicationContext : Root WebApplicationContext: initialization completed in 1485 ms
2024-08-13T05:20:06.047Z  INFO 28495 --- [Lavalink] [main] c.s.d.l.tools.GarbageCollectionMonitor   : GC monitoring enabled, reporting results every 2 minutes.
2024-08-13T05:20:07.340Z  WARN 28495 --- [Lavalink] [main] dev.lavalink.youtube.clients.Android     : ANDROID is broken with no known fix. It is no longer advised to use this client.
2024-08-13T05:20:07.370Z  INFO 28495 --- [Lavalink] [main] d.l.youtube.plugin.YoutubePluginLoader   : YouTube source initialised with clients: WEB_REMIX, ANDROID, WEB 
2024-08-13T05:20:07.660Z  INFO 28495 --- [Lavalink] [main] l.server.config.KoeConfiguration         : OS: LINUX, Arch: X86_64
2024-08-13T05:20:07.660Z  INFO 28495 --- [Lavalink] [main] l.server.config.KoeConfiguration         : Enabling JDA-NAS
2024-08-13T05:20:07.668Z  INFO 28495 --- [Lavalink] [main] c.s.l.c.natives.NativeLibraryLoader      : Native library udpqueue: loading with filter null
2024-08-13T05:20:07.677Z  INFO 28495 --- [Lavalink] [main] c.s.l.c.natives.NativeLibraryLoader      : Native library udpqueue: successfully loaded.
2024-08-13T05:20:07.793Z  WARN 28495 --- [Lavalink] [main] l.server.config.SentryConfiguration      : Turning off sentry
2024-08-13T05:20:08.411Z  INFO 28495 --- [Lavalink] [main] io.undertow                              : starting server: Undertow - 2.3.13.Final
2024-08-13T05:20:08.436Z  INFO 28495 --- [Lavalink] [main] org.xnio                                 : XNIO version 3.8.8.Final
2024-08-13T05:20:08.461Z  INFO 28495 --- [Lavalink] [main] org.xnio.nio                             : XNIO NIO Implementation Version 3.8.8.Final
2024-08-13T05:20:08.701Z  INFO 28495 --- [Lavalink] [main] org.jboss.threads                        : JBoss Threads version 3.5.0.Final
2024-08-13T05:20:08.832Z  INFO 28495 --- [Lavalink] [main] o.s.b.w.e.undertow.UndertowWebServer     : Undertow started on port 2333 (http) with context path '/'
2024-08-13T05:20:08.844Z  INFO 28495 --- [Lavalink] [main] lavalink.server.Launcher                 : Started Launcher in 4.739 seconds (process running for 10.117)
2024-08-13T05:20:08.846Z  INFO 28495 --- [Lavalink] [main] lavalink.server.Launcher                 : Lavalink is ready to accept connections.
